#
# A fatal error has been detected by the Java Runtime Environment:
#
#  EXCEPTION_ACCESS_VIOLATION (0xc0000005) at pc=0x00007ffe95086cbc, pid=2276, tid=21392
#
# JRE version: OpenJDK Runtime Environment (17.0.2+8) (build 17.0.2+8-86)
# Java VM: OpenJDK 64-Bit Server VM (17.0.2+8-86, mixed mode, sharing, tiered, compressed oops, compressed class ptrs, g1 gc, windows-amd64)
# Problematic frame:
# C  [ucrtbase.dll+0x26cbc]
#
# No core dump will be written. Minidumps are not enabled by default on client versions of Windows
#
# If you would like to submit a bug report, please visit:
#   https://bugreport.java.com/bugreport/crash.jsp
# The crash happened outside the Java Virtual Machine in native code.
# See problematic frame for where to report the bug.
#

---------------  S U M M A R Y ------------

Command Line: -Dfile.encoding=UTF-8 -Duser.country=CN -Duser.language=zh -Duser.variant com.fan.collect.java.jni.JniTest

Host: AMD Ryzen 7 5700X 8-Core Processor             , 16 cores, 31G,  Windows 10 , 64 bit Build 19041 (10.0.19041.1202)
Time: Thu Sep 12 11:31:46 2024  Windows 10 , 64 bit Build 19041 (10.0.19041.1202) elapsed time: 0.071460 seconds (0d 0h 0m 0s)

---------------  T H R E A D  ---------------

Current thread (0x0000016beb1ea880):  JavaThread "main" [_thread_in_native, id=21392, stack(0x0000004ffd200000,0x0000004ffd300000)]

Stack: [0x0000004ffd200000,0x0000004ffd300000],  sp=0x0000004ffd2fea08,  free space=1018k
Native frames: (J=compiled Java code, j=interpreted, Vv=VM code, C=native code)
C  [ucrtbase.dll+0x26cbc]

Java frames: (J=compiled Java code, j=interpreted, Vv=VM code)
j  com.fan.collect.java.jni.JniTest.get()Ljava/lang/String;+0
j  com.fan.collect.java.jni.JniTest.main([Ljava/lang/String;)V+9
v  ~StubRoutines::call_stub

siginfo: EXCEPTION_ACCESS_VIOLATION (0xc0000005), reading address 0x0000000066e260a2


Register to memory mapping:

RIP=0x00007ffe95086cbc ucrtbase.dll
RAX=0x0000000066e260a2 is an unknown value
RBX=0x0000004ffd2feb40 is pointing into the stack for thread: 0x0000016beb1ea880
RCX=0x0000000066e260c0 is an unknown value
RDX=0x000000007fffffff is an unknown value
RSP=0x0000004ffd2fea08 is pointing into the stack for thread: 0x0000016beb1ea880
RBP=0x0000000000000010 is an unknown value
RSI=0x0000004ffd2fef78 is pointing into the stack for thread: 0x0000016beb1ea880
RDI=0x00000000ffffffff is an unknown value
R8 =0xfffffffffffffffe is an unknown value
R9 =0x0000000066e260a2 is an unknown value
R10=0x000000000000001e is an unknown value
R11=0x00007ffe95150980 ucrtbase.dll
R12=0x0000000000000001 is an unknown value
R13={method} {0x0000016bfbc003b8} 'get' '()Ljava/lang/String;' in 'com/fan/collect/java/jni/JniTest'
R14=0x00007ffe9512bc58 ucrtbase.dll
R15=0x0000016beb1ea880 is a thread


Registers:
RAX=0x0000000066e260a2, RBX=0x0000004ffd2feb40, RCX=0x0000000066e260c0, RDX=0x000000007fffffff
RSP=0x0000004ffd2fea08, RBP=0x0000000000000010, RSI=0x0000004ffd2fef78, RDI=0x00000000ffffffff
R8 =0xfffffffffffffffe, R9 =0x0000000066e260a2, R10=0x000000000000001e, R11=0x00007ffe95150980
R12=0x0000000000000001, R13=0x0000016bfbc003b0, R14=0x00007ffe9512bc58, R15=0x0000016beb1ea880
RIP=0x00007ffe95086cbc, EFLAGS=0x0000000000010287

Top of Stack: (sp=0x0000004ffd2fea08)
0x0000004ffd2fea08:   00007ffe950841ff 0000016beb05c800
0x0000004ffd2fea18:   0000000000000000 000082869e92643e
0x0000004ffd2fea28:   0000004ffd2fefa8 0000004ffd2feb40
0x0000004ffd2fea38:   00007ffe9507be6d 0000004ffd2feb40
0x0000004ffd2fea48:   0000004ffd2feb40 0000004ffd2feb68
0x0000004ffd2fea58:   00007ffe9507a3f4 0000004ffd2feb50
0x0000004ffd2fea68:   0000000000000000 00007ffe9512bc10
0x0000004ffd2fea78:   0000000000000000 00000000ffffffff
0x0000004ffd2fea88:   00007ffe9507a615 0000000000000000
0x0000004ffd2fea98:   0000004ffd2feb40 0000004ffd2febc0
0x0000004ffd2feaa8:   0000004ffd2fefa8 0000004ffd2ff1b0
0x0000004ffd2feab8:   00007ffe9507b216 0000004ffd2ff040
0x0000004ffd2feac8:   0000004ffd2ff600 00007ffe9514f4e8
0x0000004ffd2fead8:   0000016beb1ea880 0000004ffd2feaf8
0x0000004ffd2feae8:   0000004ffd2feaf0 0000004ffd2ff0e8
0x0000004ffd2feaf8:   0000004ffd2feb20 00007ffe79664061 

Instructions: (pc=0x00007ffe95086cbc)
0x00007ffe95086bbc:   b7 ff ff bb ff ff ff 7f eb 7f bb ff ff ff 7f 48
0x00007ffe95086bcc:   3b fb 76 12 e8 6b c8 fe ff c7 00 16 00 00 00 e8
0x00007ffe95086bdc:   90 b7 ff ff eb 63 48 8b 44 24 48 48 8b 90 30 01
0x00007ffe95086bec:   00 00 48 85 d2 75 17 4c 8d 4c 24 48 4c 8b c7 48
0x00007ffe95086bfc:   8b d6 48 8b cd e8 8a fe ff ff 8b d8 eb 3b 8b 40
0x00007ffe95086c0c:   14 48 8d 4c 24 48 89 44 24 38 4c 8b cd 89 7c 24
0x00007ffe95086c1c:   30 41 b8 01 10 00 00 48 89 74 24 28 89 7c 24 20
0x00007ffe95086c2c:   e8 f7 84 04 00 85 c0 75 0d e8 06 c8 fe ff c7 00
0x00007ffe95086c3c:   16 00 00 00 eb 03 8d 58 fe 80 7c 24 58 00 74 0c
0x00007ffe95086c4c:   48 8b 44 24 40 83 a0 a8 03 00 00 fd 4c 8d 5c 24
0x00007ffe95086c5c:   60 8b c3 49 8b 5b 10 49 8b 6b 18 49 8b 73 20 49
0x00007ffe95086c6c:   8b e3 5f c3 cc cc cc cc cc cc cc cc cc cc cc cc
0x00007ffe95086c7c:   cc cc cc cc 8b 05 da 87 0c 00 4c 8b c9 83 f8 05
0x00007ffe95086c8c:   0f 8c 93 00 00 00 4c 8b c1 b8 20 00 00 00 41 83
0x00007ffe95086c9c:   e0 1f 49 2b c0 49 f7 d8 4d 1b d2 4c 23 d0 49 8b
0x00007ffe95086cac:   c1 49 3b d2 4c 0f 42 d2 49 03 ca 4c 3b c9 74 0d
0x00007ffe95086cbc:   80 38 00 74 08 48 ff c0 48 3b c1 75 f3 48 8b c8
0x00007ffe95086ccc:   49 2b c9 49 3b ca 0f 85 f4 00 00 00 4c 8b c2 48
0x00007ffe95086cdc:   8b c8 4d 2b c2 49 83 e0 e0 4c 03 c0 49 3b c0 74
0x00007ffe95086cec:   1c c5 f1 ef c9 c5 f5 74 09 c5 fd d7 c1 85 c0 c5
0x00007ffe95086cfc:   f8 77 75 09 48 83 c1 20 49 3b c8 75 e4 49 8d 04
0x00007ffe95086d0c:   11 eb 0c 80 39 00 0f 84 b1 00 00 00 48 ff c1 48
0x00007ffe95086d1c:   3b c8 75 ef e9 a4 00 00 00 83 f8 01 0f 8c 85 00
0x00007ffe95086d2c:   00 00 83 e1 0f b8 10 00 00 00 48 2b c1 48 f7 d9
0x00007ffe95086d3c:   4d 1b d2 4c 23 d0 49 8b c1 49 3b d2 4c 0f 42 d2
0x00007ffe95086d4c:   4b 8d 0c 0a 4c 3b c9 74 0d 80 38 00 74 08 48 ff
0x00007ffe95086d5c:   c0 48 3b c1 75 f3 48 8b c8 49 2b c9 49 3b ca 75
0x00007ffe95086d6c:   5f 4c 8b c2 48 8b c8 4d 2b c2 0f 57 c9 49 83 e0
0x00007ffe95086d7c:   f0 4c 03 c0 49 3b c0 74 19 66 0f 6f c1 66 0f 74
0x00007ffe95086d8c:   01 66 0f d7 c0 85 c0 75 09 48 83 c1 10 49 3b c8
0x00007ffe95086d9c:   75 e7 49 8d 04 11 eb 08 80 39 00 74 20 48 ff c1
0x00007ffe95086dac:   48 3b c8 75 f3 eb 16 48 8d 04 11 4c 3b c8 74 0d 


Stack slot to memory mapping:
stack at sp + 0 slots: 0x00007ffe950841ff ucrtbase.dll
stack at sp + 1 slots: 0x0000016beb05c800 points into unknown readable memory: 0x6d6f635f6176614a | 4a 61 76 61 5f 63 6f 6d
stack at sp + 2 slots: 0x0 is NULL
stack at sp + 3 slots: 0x000082869e92643e is an unknown value
stack at sp + 4 slots: 0x0000004ffd2fefa8 is pointing into the stack for thread: 0x0000016beb1ea880
stack at sp + 5 slots: 0x0000004ffd2feb40 is pointing into the stack for thread: 0x0000016beb1ea880
stack at sp + 6 slots: 0x00007ffe9507be6d ucrtbase.dll
stack at sp + 7 slots: 0x0000004ffd2feb40 is pointing into the stack for thread: 0x0000016beb1ea880


---------------  P R O C E S S  ---------------

Threads class SMR info:
_java_thread_list=0x0000016bfb421350, length=14, elements={
0x0000016beb1ea880, 0x0000016bfb2aeac0, 0x0000016bfb2a8540, 0x0000016bfb2c4310,
0x0000016bfb2c62d0, 0x0000016bfb2c8d90, 0x0000016bfb2c9740, 0x0000016bfb2d2440,
0x0000016bfb2d2ee0, 0x0000016bfb2e6640, 0x0000016bfb3f1360, 0x0000016bfb3f3bb0,
0x0000016bfb424510, 0x0000016bfb425e20
}

Java Threads: ( => current thread )
=>0x0000016beb1ea880 JavaThread "main" [_thread_in_native, id=21392, stack(0x0000004ffd200000,0x0000004ffd300000)]
  0x0000016bfb2aeac0 JavaThread "Reference Handler" daemon [_thread_blocked, id=20352, stack(0x0000004ffd900000,0x0000004ffda00000)]
  0x0000016bfb2a8540 JavaThread "Finalizer" daemon [_thread_blocked, id=17916, stack(0x0000004ffda00000,0x0000004ffdb00000)]
  0x0000016bfb2c4310 JavaThread "Signal Dispatcher" daemon [_thread_blocked, id=31904, stack(0x0000004ffdb00000,0x0000004ffdc00000)]
  0x0000016bfb2c62d0 JavaThread "Attach Listener" daemon [_thread_blocked, id=20132, stack(0x0000004ffdc00000,0x0000004ffdd00000)]
  0x0000016bfb2c8d90 JavaThread "Service Thread" daemon [_thread_blocked, id=24608, stack(0x0000004ffdd00000,0x0000004ffde00000)]
  0x0000016bfb2c9740 JavaThread "Monitor Deflation Thread" daemon [_thread_blocked, id=3976, stack(0x0000004ffde00000,0x0000004ffdf00000)]
  0x0000016bfb2d2440 JavaThread "C2 CompilerThread0" daemon [_thread_blocked, id=1976, stack(0x0000004ffdf00000,0x0000004ffe000000)]
  0x0000016bfb2d2ee0 JavaThread "C1 CompilerThread0" daemon [_thread_blocked, id=10816, stack(0x0000004ffe000000,0x0000004ffe100000)]
  0x0000016bfb2e6640 JavaThread "Sweeper thread" daemon [_thread_blocked, id=25688, stack(0x0000004ffe100000,0x0000004ffe200000)]
  0x0000016bfb3f1360 JavaThread "C1 CompilerThread1" daemon [_thread_blocked, id=28812, stack(0x0000004ffe200000,0x0000004ffe300000)]
  0x0000016bfb3f3bb0 JavaThread "C1 CompilerThread2" daemon [_thread_blocked, id=18192, stack(0x0000004ffe300000,0x0000004ffe400000)]
  0x0000016bfb424510 JavaThread "Notification Thread" daemon [_thread_blocked, id=25176, stack(0x0000004ffe400000,0x0000004ffe500000)]
  0x0000016bfb425e20 JavaThread "Common-Cleaner" daemon [_thread_blocked, id=22188, stack(0x0000004ffe600000,0x0000004ffe700000)]

Other Threads:
  0x0000016bfa90ed30 VMThread "VM Thread" [stack: 0x0000004ffd800000,0x0000004ffd900000] [id=31868]
  0x0000016bfb4249e0 WatcherThread [stack: 0x0000004ffe500000,0x0000004ffe600000] [id=4168]
  0x0000016beb25fed0 GCTaskThread "GC Thread#0" [stack: 0x0000004ffd300000,0x0000004ffd400000] [id=19168]
  0x0000016beb2721a0 ConcurrentGCThread "G1 Main Marker" [stack: 0x0000004ffd400000,0x0000004ffd500000] [id=31760]
  0x0000016beb272bb0 ConcurrentGCThread "G1 Conc#0" [stack: 0x0000004ffd500000,0x0000004ffd600000] [id=25388]
  0x0000016bfa7d6fe0 ConcurrentGCThread "G1 Refine#0" [stack: 0x0000004ffd600000,0x0000004ffd700000] [id=32832]
  0x0000016bfa7d7a00 ConcurrentGCThread "G1 Service" [stack: 0x0000004ffd700000,0x0000004ffd800000] [id=16112]

Threads with active compile tasks:

VM state: not at safepoint (normal execution)

VM Mutex/Monitor currently owned by a thread: None

Heap address: 0x0000000601000000, size: 8176 MB, Compressed Oops mode: Zero based, Oop shift amount: 3

CDS archive(s) mapped at: [0x0000000800000000-0x0000000800bc0000-0x0000000800bc0000), size 12320768, SharedBaseAddress: 0x0000000800000000, ArchiveRelocationMode: 0.
Compressed class space mapped at: 0x0000000800c00000-0x0000000840c00000, reserved size: 1073741824
Narrow klass base: 0x0000000800000000, Narrow klass shift: 0, Narrow klass range: 0x100000000

GC Precious Log:
 CPUs: 16 total, 16 available
 Memory: 32689M
 Large Page Support: Disabled
 NUMA Support: Disabled
 Compressed Oops: Enabled (Zero based)
 Heap Region Size: 4M
 Heap Min Capacity: 8M
 Heap Initial Capacity: 512M
 Heap Max Capacity: 8176M
 Pre-touch: Disabled
 Parallel Workers: 13
 Concurrent Workers: 3
 Concurrent Refinement Workers: 13
 Periodic GC: Disabled

Heap:
 garbage-first heap   total 524288K, used 0K [0x0000000601000000, 0x0000000800000000)
  region size 4096K, 1 young (4096K), 0 survivors (0K)
 Metaspace       used 202K, committed 384K, reserved 1056768K
  class space    used 9K, committed 128K, reserved 1048576K

Heap Regions: E=young(eden), S=young(survivor), O=old, HS=humongous(starts), HC=humongous(continues), CS=collection set, F=free, OA=open archive, CA=closed archive, TAMS=top-at-mark-start (previous, next)
|   0|0x0000000601000000, 0x0000000601000000, 0x0000000601400000|  0%| F|  |TAMS 0x0000000601000000, 0x0000000601000000| Untracked 
|   1|0x0000000601400000, 0x0000000601400000, 0x0000000601800000|  0%| F|  |TAMS 0x0000000601400000, 0x0000000601400000| Untracked 
|   2|0x0000000601800000, 0x0000000601800000, 0x0000000601c00000|  0%| F|  |TAMS 0x0000000601800000, 0x0000000601800000| Untracked 
|   3|0x0000000601c00000, 0x0000000601c00000, 0x0000000602000000|  0%| F|  |TAMS 0x0000000601c00000, 0x0000000601c00000| Untracked 
|   4|0x0000000602000000, 0x0000000602000000, 0x0000000602400000|  0%| F|  |TAMS 0x0000000602000000, 0x0000000602000000| Untracked 
|   5|0x0000000602400000, 0x0000000602400000, 0x0000000602800000|  0%| F|  |TAMS 0x0000000602400000, 0x0000000602400000| Untracked 
|   6|0x0000000602800000, 0x0000000602800000, 0x0000000602c00000|  0%| F|  |TAMS 0x0000000602800000, 0x0000000602800000| Untracked 
|   7|0x0000000602c00000, 0x0000000602c00000, 0x0000000603000000|  0%| F|  |TAMS 0x0000000602c00000, 0x0000000602c00000| Untracked 
|   8|0x0000000603000000, 0x0000000603000000, 0x0000000603400000|  0%| F|  |TAMS 0x0000000603000000, 0x0000000603000000| Untracked 
|   9|0x0000000603400000, 0x0000000603400000, 0x0000000603800000|  0%| F|  |TAMS 0x0000000603400000, 0x0000000603400000| Untracked 
|  10|0x0000000603800000, 0x0000000603800000, 0x0000000603c00000|  0%| F|  |TAMS 0x0000000603800000, 0x0000000603800000| Untracked 
|  11|0x0000000603c00000, 0x0000000603c00000, 0x0000000604000000|  0%| F|  |TAMS 0x0000000603c00000, 0x0000000603c00000| Untracked 
|  12|0x0000000604000000, 0x0000000604000000, 0x0000000604400000|  0%| F|  |TAMS 0x0000000604000000, 0x0000000604000000| Untracked 
|  13|0x0000000604400000, 0x0000000604400000, 0x0000000604800000|  0%| F|  |TAMS 0x0000000604400000, 0x0000000604400000| Untracked 
|  14|0x0000000604800000, 0x0000000604800000, 0x0000000604c00000|  0%| F|  |TAMS 0x0000000604800000, 0x0000000604800000| Untracked 
|  15|0x0000000604c00000, 0x0000000604c00000, 0x0000000605000000|  0%| F|  |TAMS 0x0000000604c00000, 0x0000000604c00000| Untracked 
|  16|0x0000000605000000, 0x0000000605000000, 0x0000000605400000|  0%| F|  |TAMS 0x0000000605000000, 0x0000000605000000| Untracked 
|  17|0x0000000605400000, 0x0000000605400000, 0x0000000605800000|  0%| F|  |TAMS 0x0000000605400000, 0x0000000605400000| Untracked 
|  18|0x0000000605800000, 0x0000000605800000, 0x0000000605c00000|  0%| F|  |TAMS 0x0000000605800000, 0x0000000605800000| Untracked 
|  19|0x0000000605c00000, 0x0000000605c00000, 0x0000000606000000|  0%| F|  |TAMS 0x0000000605c00000, 0x0000000605c00000| Untracked 
|  20|0x0000000606000000, 0x0000000606000000, 0x0000000606400000|  0%| F|  |TAMS 0x0000000606000000, 0x0000000606000000| Untracked 
|  21|0x0000000606400000, 0x0000000606400000, 0x0000000606800000|  0%| F|  |TAMS 0x0000000606400000, 0x0000000606400000| Untracked 
|  22|0x0000000606800000, 0x0000000606800000, 0x0000000606c00000|  0%| F|  |TAMS 0x0000000606800000, 0x0000000606800000| Untracked 
|  23|0x0000000606c00000, 0x0000000606c00000, 0x0000000607000000|  0%| F|  |TAMS 0x0000000606c00000, 0x0000000606c00000| Untracked 
|  24|0x0000000607000000, 0x0000000607000000, 0x0000000607400000|  0%| F|  |TAMS 0x0000000607000000, 0x0000000607000000| Untracked 
|  25|0x0000000607400000, 0x0000000607400000, 0x0000000607800000|  0%| F|  |TAMS 0x0000000607400000, 0x0000000607400000| Untracked 
|  26|0x0000000607800000, 0x0000000607800000, 0x0000000607c00000|  0%| F|  |TAMS 0x0000000607800000, 0x0000000607800000| Untracked 
|  27|0x0000000607c00000, 0x0000000607c00000, 0x0000000608000000|  0%| F|  |TAMS 0x0000000607c00000, 0x0000000607c00000| Untracked 
|  28|0x0000000608000000, 0x0000000608000000, 0x0000000608400000|  0%| F|  |TAMS 0x0000000608000000, 0x0000000608000000| Untracked 
|  29|0x0000000608400000, 0x0000000608400000, 0x0000000608800000|  0%| F|  |TAMS 0x0000000608400000, 0x0000000608400000| Untracked 
|  30|0x0000000608800000, 0x0000000608800000, 0x0000000608c00000|  0%| F|  |TAMS 0x0000000608800000, 0x0000000608800000| Untracked 
|  31|0x0000000608c00000, 0x0000000608c00000, 0x0000000609000000|  0%| F|  |TAMS 0x0000000608c00000, 0x0000000608c00000| Untracked 
|  32|0x0000000609000000, 0x0000000609000000, 0x0000000609400000|  0%| F|  |TAMS 0x0000000609000000, 0x0000000609000000| Untracked 
|  33|0x0000000609400000, 0x0000000609400000, 0x0000000609800000|  0%| F|  |TAMS 0x0000000609400000, 0x0000000609400000| Untracked 
|  34|0x0000000609800000, 0x0000000609800000, 0x0000000609c00000|  0%| F|  |TAMS 0x0000000609800000, 0x0000000609800000| Untracked 
|  35|0x0000000609c00000, 0x0000000609c00000, 0x000000060a000000|  0%| F|  |TAMS 0x0000000609c00000, 0x0000000609c00000| Untracked 
|  36|0x000000060a000000, 0x000000060a000000, 0x000000060a400000|  0%| F|  |TAMS 0x000000060a000000, 0x000000060a000000| Untracked 
|  37|0x000000060a400000, 0x000000060a400000, 0x000000060a800000|  0%| F|  |TAMS 0x000000060a400000, 0x000000060a400000| Untracked 
|  38|0x000000060a800000, 0x000000060a800000, 0x000000060ac00000|  0%| F|  |TAMS 0x000000060a800000, 0x000000060a800000| Untracked 
|  39|0x000000060ac00000, 0x000000060ac00000, 0x000000060b000000|  0%| F|  |TAMS 0x000000060ac00000, 0x000000060ac00000| Untracked 
|  40|0x000000060b000000, 0x000000060b000000, 0x000000060b400000|  0%| F|  |TAMS 0x000000060b000000, 0x000000060b000000| Untracked 
|  41|0x000000060b400000, 0x000000060b400000, 0x000000060b800000|  0%| F|  |TAMS 0x000000060b400000, 0x000000060b400000| Untracked 
|  42|0x000000060b800000, 0x000000060b800000, 0x000000060bc00000|  0%| F|  |TAMS 0x000000060b800000, 0x000000060b800000| Untracked 
|  43|0x000000060bc00000, 0x000000060bc00000, 0x000000060c000000|  0%| F|  |TAMS 0x000000060bc00000, 0x000000060bc00000| Untracked 
|  44|0x000000060c000000, 0x000000060c000000, 0x000000060c400000|  0%| F|  |TAMS 0x000000060c000000, 0x000000060c000000| Untracked 
|  45|0x000000060c400000, 0x000000060c400000, 0x000000060c800000|  0%| F|  |TAMS 0x000000060c400000, 0x000000060c400000| Untracked 
|  46|0x000000060c800000, 0x000000060c800000, 0x000000060cc00000|  0%| F|  |TAMS 0x000000060c800000, 0x000000060c800000| Untracked 
|  47|0x000000060cc00000, 0x000000060cc00000, 0x000000060d000000|  0%| F|  |TAMS 0x000000060cc00000, 0x000000060cc00000| Untracked 
|  48|0x000000060d000000, 0x000000060d000000, 0x000000060d400000|  0%| F|  |TAMS 0x000000060d000000, 0x000000060d000000| Untracked 
|  49|0x000000060d400000, 0x000000060d400000, 0x000000060d800000|  0%| F|  |TAMS 0x000000060d400000, 0x000000060d400000| Untracked 
|  50|0x000000060d800000, 0x000000060d800000, 0x000000060dc00000|  0%| F|  |TAMS 0x000000060d800000, 0x000000060d800000| Untracked 
|  51|0x000000060dc00000, 0x000000060dc00000, 0x000000060e000000|  0%| F|  |TAMS 0x000000060dc00000, 0x000000060dc00000| Untracked 
|  52|0x000000060e000000, 0x000000060e000000, 0x000000060e400000|  0%| F|  |TAMS 0x000000060e000000, 0x000000060e000000| Untracked 
|  53|0x000000060e400000, 0x000000060e400000, 0x000000060e800000|  0%| F|  |TAMS 0x000000060e400000, 0x000000060e400000| Untracked 
|  54|0x000000060e800000, 0x000000060e800000, 0x000000060ec00000|  0%| F|  |TAMS 0x000000060e800000, 0x000000060e800000| Untracked 
|  55|0x000000060ec00000, 0x000000060ec00000, 0x000000060f000000|  0%| F|  |TAMS 0x000000060ec00000, 0x000000060ec00000| Untracked 
|  56|0x000000060f000000, 0x000000060f000000, 0x000000060f400000|  0%| F|  |TAMS 0x000000060f000000, 0x000000060f000000| Untracked 
|  57|0x000000060f400000, 0x000000060f400000, 0x000000060f800000|  0%| F|  |TAMS 0x000000060f400000, 0x000000060f400000| Untracked 
|  58|0x000000060f800000, 0x000000060f800000, 0x000000060fc00000|  0%| F|  |TAMS 0x000000060f800000, 0x000000060f800000| Untracked 
|  59|0x000000060fc00000, 0x000000060fc00000, 0x0000000610000000|  0%| F|  |TAMS 0x000000060fc00000, 0x000000060fc00000| Untracked 
|  60|0x0000000610000000, 0x0000000610000000, 0x0000000610400000|  0%| F|  |TAMS 0x0000000610000000, 0x0000000610000000| Untracked 
|  61|0x0000000610400000, 0x0000000610400000, 0x0000000610800000|  0%| F|  |TAMS 0x0000000610400000, 0x0000000610400000| Untracked 
|  62|0x0000000610800000, 0x0000000610800000, 0x0000000610c00000|  0%| F|  |TAMS 0x0000000610800000, 0x0000000610800000| Untracked 
|  63|0x0000000610c00000, 0x0000000610c00000, 0x0000000611000000|  0%| F|  |TAMS 0x0000000610c00000, 0x0000000610c00000| Untracked 
|  64|0x0000000611000000, 0x0000000611000000, 0x0000000611400000|  0%| F|  |TAMS 0x0000000611000000, 0x0000000611000000| Untracked 
|  65|0x0000000611400000, 0x0000000611400000, 0x0000000611800000|  0%| F|  |TAMS 0x0000000611400000, 0x0000000611400000| Untracked 
|  66|0x0000000611800000, 0x0000000611800000, 0x0000000611c00000|  0%| F|  |TAMS 0x0000000611800000, 0x0000000611800000| Untracked 
|  67|0x0000000611c00000, 0x0000000611c00000, 0x0000000612000000|  0%| F|  |TAMS 0x0000000611c00000, 0x0000000611c00000| Untracked 
|  68|0x0000000612000000, 0x0000000612000000, 0x0000000612400000|  0%| F|  |TAMS 0x0000000612000000, 0x0000000612000000| Untracked 
|  69|0x0000000612400000, 0x0000000612400000, 0x0000000612800000|  0%| F|  |TAMS 0x0000000612400000, 0x0000000612400000| Untracked 
|  70|0x0000000612800000, 0x0000000612800000, 0x0000000612c00000|  0%| F|  |TAMS 0x0000000612800000, 0x0000000612800000| Untracked 
|  71|0x0000000612c00000, 0x0000000612c00000, 0x0000000613000000|  0%| F|  |TAMS 0x0000000612c00000, 0x0000000612c00000| Untracked 
|  72|0x0000000613000000, 0x0000000613000000, 0x0000000613400000|  0%| F|  |TAMS 0x0000000613000000, 0x0000000613000000| Untracked 
|  73|0x0000000613400000, 0x0000000613400000, 0x0000000613800000|  0%| F|  |TAMS 0x0000000613400000, 0x0000000613400000| Untracked 
|  74|0x0000000613800000, 0x0000000613800000, 0x0000000613c00000|  0%| F|  |TAMS 0x0000000613800000, 0x0000000613800000| Untracked 
|  75|0x0000000613c00000, 0x0000000613c00000, 0x0000000614000000|  0%| F|  |TAMS 0x0000000613c00000, 0x0000000613c00000| Untracked 
|  76|0x0000000614000000, 0x0000000614000000, 0x0000000614400000|  0%| F|  |TAMS 0x0000000614000000, 0x0000000614000000| Untracked 
|  77|0x0000000614400000, 0x0000000614400000, 0x0000000614800000|  0%| F|  |TAMS 0x0000000614400000, 0x0000000614400000| Untracked 
|  78|0x0000000614800000, 0x0000000614800000, 0x0000000614c00000|  0%| F|  |TAMS 0x0000000614800000, 0x0000000614800000| Untracked 
|  79|0x0000000614c00000, 0x0000000614c00000, 0x0000000615000000|  0%| F|  |TAMS 0x0000000614c00000, 0x0000000614c00000| Untracked 
|  80|0x0000000615000000, 0x0000000615000000, 0x0000000615400000|  0%| F|  |TAMS 0x0000000615000000, 0x0000000615000000| Untracked 
|  81|0x0000000615400000, 0x0000000615400000, 0x0000000615800000|  0%| F|  |TAMS 0x0000000615400000, 0x0000000615400000| Untracked 
|  82|0x0000000615800000, 0x0000000615800000, 0x0000000615c00000|  0%| F|  |TAMS 0x0000000615800000, 0x0000000615800000| Untracked 
|  83|0x0000000615c00000, 0x0000000615c00000, 0x0000000616000000|  0%| F|  |TAMS 0x0000000615c00000, 0x0000000615c00000| Untracked 
|  84|0x0000000616000000, 0x0000000616000000, 0x0000000616400000|  0%| F|  |TAMS 0x0000000616000000, 0x0000000616000000| Untracked 
|  85|0x0000000616400000, 0x0000000616400000, 0x0000000616800000|  0%| F|  |TAMS 0x0000000616400000, 0x0000000616400000| Untracked 
|  86|0x0000000616800000, 0x0000000616800000, 0x0000000616c00000|  0%| F|  |TAMS 0x0000000616800000, 0x0000000616800000| Untracked 
|  87|0x0000000616c00000, 0x0000000616c00000, 0x0000000617000000|  0%| F|  |TAMS 0x0000000616c00000, 0x0000000616c00000| Untracked 
|  88|0x0000000617000000, 0x0000000617000000, 0x0000000617400000|  0%| F|  |TAMS 0x0000000617000000, 0x0000000617000000| Untracked 
|  89|0x0000000617400000, 0x0000000617400000, 0x0000000617800000|  0%| F|  |TAMS 0x0000000617400000, 0x0000000617400000| Untracked 
|  90|0x0000000617800000, 0x0000000617800000, 0x0000000617c00000|  0%| F|  |TAMS 0x0000000617800000, 0x0000000617800000| Untracked 
|  91|0x0000000617c00000, 0x0000000617c00000, 0x0000000618000000|  0%| F|  |TAMS 0x0000000617c00000, 0x0000000617c00000| Untracked 
|  92|0x0000000618000000, 0x0000000618000000, 0x0000000618400000|  0%| F|  |TAMS 0x0000000618000000, 0x0000000618000000| Untracked 
|  93|0x0000000618400000, 0x0000000618400000, 0x0000000618800000|  0%| F|  |TAMS 0x0000000618400000, 0x0000000618400000| Untracked 
|  94|0x0000000618800000, 0x0000000618800000, 0x0000000618c00000|  0%| F|  |TAMS 0x0000000618800000, 0x0000000618800000| Untracked 
|  95|0x0000000618c00000, 0x0000000618c00000, 0x0000000619000000|  0%| F|  |TAMS 0x0000000618c00000, 0x0000000618c00000| Untracked 
|  96|0x0000000619000000, 0x0000000619000000, 0x0000000619400000|  0%| F|  |TAMS 0x0000000619000000, 0x0000000619000000| Untracked 
|  97|0x0000000619400000, 0x0000000619400000, 0x0000000619800000|  0%| F|  |TAMS 0x0000000619400000, 0x0000000619400000| Untracked 
|  98|0x0000000619800000, 0x0000000619800000, 0x0000000619c00000|  0%| F|  |TAMS 0x0000000619800000, 0x0000000619800000| Untracked 
|  99|0x0000000619c00000, 0x0000000619c00000, 0x000000061a000000|  0%| F|  |TAMS 0x0000000619c00000, 0x0000000619c00000| Untracked 
| 100|0x000000061a000000, 0x000000061a000000, 0x000000061a400000|  0%| F|  |TAMS 0x000000061a000000, 0x000000061a000000| Untracked 
| 101|0x000000061a400000, 0x000000061a400000, 0x000000061a800000|  0%| F|  |TAMS 0x000000061a400000, 0x000000061a400000| Untracked 
| 102|0x000000061a800000, 0x000000061a800000, 0x000000061ac00000|  0%| F|  |TAMS 0x000000061a800000, 0x000000061a800000| Untracked 
| 103|0x000000061ac00000, 0x000000061ac00000, 0x000000061b000000|  0%| F|  |TAMS 0x000000061ac00000, 0x000000061ac00000| Untracked 
| 104|0x000000061b000000, 0x000000061b000000, 0x000000061b400000|  0%| F|  |TAMS 0x000000061b000000, 0x000000061b000000| Untracked 
| 105|0x000000061b400000, 0x000000061b400000, 0x000000061b800000|  0%| F|  |TAMS 0x000000061b400000, 0x000000061b400000| Untracked 
| 106|0x000000061b800000, 0x000000061b800000, 0x000000061bc00000|  0%| F|  |TAMS 0x000000061b800000, 0x000000061b800000| Untracked 
| 107|0x000000061bc00000, 0x000000061bc00000, 0x000000061c000000|  0%| F|  |TAMS 0x000000061bc00000, 0x000000061bc00000| Untracked 
| 108|0x000000061c000000, 0x000000061c000000, 0x000000061c400000|  0%| F|  |TAMS 0x000000061c000000, 0x000000061c000000| Untracked 
| 109|0x000000061c400000, 0x000000061c400000, 0x000000061c800000|  0%| F|  |TAMS 0x000000061c400000, 0x000000061c400000| Untracked 
| 110|0x000000061c800000, 0x000000061c800000, 0x000000061cc00000|  0%| F|  |TAMS 0x000000061c800000, 0x000000061c800000| Untracked 
| 111|0x000000061cc00000, 0x000000061cc00000, 0x000000061d000000|  0%| F|  |TAMS 0x000000061cc00000, 0x000000061cc00000| Untracked 
| 112|0x000000061d000000, 0x000000061d000000, 0x000000061d400000|  0%| F|  |TAMS 0x000000061d000000, 0x000000061d000000| Untracked 
| 113|0x000000061d400000, 0x000000061d400000, 0x000000061d800000|  0%| F|  |TAMS 0x000000061d400000, 0x000000061d400000| Untracked 
| 114|0x000000061d800000, 0x000000061d800000, 0x000000061dc00000|  0%| F|  |TAMS 0x000000061d800000, 0x000000061d800000| Untracked 
| 115|0x000000061dc00000, 0x000000061dc00000, 0x000000061e000000|  0%| F|  |TAMS 0x000000061dc00000, 0x000000061dc00000| Untracked 
| 116|0x000000061e000000, 0x000000061e000000, 0x000000061e400000|  0%| F|  |TAMS 0x000000061e000000, 0x000000061e000000| Untracked 
| 117|0x000000061e400000, 0x000000061e400000, 0x000000061e800000|  0%| F|  |TAMS 0x000000061e400000, 0x000000061e400000| Untracked 
| 118|0x000000061e800000, 0x000000061e800000, 0x000000061ec00000|  0%| F|  |TAMS 0x000000061e800000, 0x000000061e800000| Untracked 
| 119|0x000000061ec00000, 0x000000061ec00000, 0x000000061f000000|  0%| F|  |TAMS 0x000000061ec00000, 0x000000061ec00000| Untracked 
| 120|0x000000061f000000, 0x000000061f000000, 0x000000061f400000|  0%| F|  |TAMS 0x000000061f000000, 0x000000061f000000| Untracked 
| 121|0x000000061f400000, 0x000000061f400000, 0x000000061f800000|  0%| F|  |TAMS 0x000000061f400000, 0x000000061f400000| Untracked 
| 122|0x000000061f800000, 0x000000061f800000, 0x000000061fc00000|  0%| F|  |TAMS 0x000000061f800000, 0x000000061f800000| Untracked 
| 123|0x000000061fc00000, 0x000000061fc00000, 0x0000000620000000|  0%| F|  |TAMS 0x000000061fc00000, 0x000000061fc00000| Untracked 
| 124|0x0000000620000000, 0x0000000620000000, 0x0000000620400000|  0%| F|  |TAMS 0x0000000620000000, 0x0000000620000000| Untracked 
| 125|0x0000000620400000, 0x0000000620400000, 0x0000000620800000|  0%| F|  |TAMS 0x0000000620400000, 0x0000000620400000| Untracked 
| 126|0x0000000620800000, 0x0000000620800000, 0x0000000620c00000|  0%| F|  |TAMS 0x0000000620800000, 0x0000000620800000| Untracked 
| 127|0x0000000620c00000, 0x0000000620debd40, 0x0000000621000000| 48%| E|  |TAMS 0x0000000620c00000, 0x0000000620c00000| Complete 

Card table byte_map: [0x0000016bf6200000,0x0000016bf7200000] _byte_map_base: 0x0000016bf31f8000

Marking Bits (Prev, Next): (CMBitMap*) 0x0000016beb2618f0, (CMBitMap*) 0x0000016beb261930
 Prev Bits: [0x0000016b8f000000, 0x0000016b96fc0000)
 Next Bits: [0x0000016b96fc0000, 0x0000016b9ef80000)

Polling page: 0x0000016beb2c0000

Metaspace:

Usage:
  Non-class:    193.68 KB used.
      Class:      9.31 KB used.
       Both:    202.99 KB used.

Virtual space:
  Non-class space:        8.00 MB reserved,     256.00 KB (  3%) committed,  1 nodes.
      Class space:        1.00 GB reserved,     128.00 KB ( <1%) committed,  1 nodes.
             Both:        1.01 GB reserved,     384.00 KB ( <1%) committed. 

Chunk freelists:
   Non-Class:  4.00 MB
       Class:  3.75 MB
        Both:  7.74 MB

MaxMetaspaceSize: unlimited
CompressedClassSpaceSize: 1.00 GB
Initial GC threshold: 21.00 MB
Current GC threshold: 21.00 MB
CDS: on
MetaspaceReclaimPolicy: balanced
 - commit_granule_bytes: 65536.
 - commit_granule_words: 8192.
 - virtual_space_node_default_size: 1048576.
 - enlarge_chunks_in_place: 1.
 - new_chunks_are_fully_committed: 0.
 - uncommit_free_chunks: 1.
 - use_allocation_guard: 0.
 - handle_deallocations: 1.


Internal statistics:

num_allocs_failed_limit: 0.
num_arena_births: 4.
num_arena_deaths: 0.
num_vsnodes_births: 2.
num_vsnodes_deaths: 0.
num_space_committed: 6.
num_space_uncommitted: 0.
num_chunks_returned_to_freelist: 0.
num_chunks_taken_from_freelist: 5.
num_chunk_merges: 0.
num_chunk_splits: 2.
num_chunks_enlarged: 0.
num_purges: 0.
num_inconsistent_stats: 0.

CodeHeap 'non-profiled nmethods': size=119168Kb used=16Kb max_used=16Kb free=119151Kb
 bounds [0x0000016b87ba0000, 0x0000016b87e10000, 0x0000016b8f000000]
CodeHeap 'profiled nmethods': size=119104Kb used=137Kb max_used=137Kb free=118966Kb
 bounds [0x0000016b80750000, 0x0000016b809c0000, 0x0000016b87ba0000]
CodeHeap 'non-nmethods': size=7488Kb used=2163Kb max_used=2177Kb free=5324Kb
 bounds [0x0000016b80000000, 0x0000016b80270000, 0x0000016b80750000]
 total_blobs=392 nmethods=98 adapters=205
 compilation: enabled
              stopped_count=0, restarted_count=0
 full_count=0

Compilation events (20 events):
Event: 0.061 Thread 0x0000016bfb3f3bb0 nmethod 88 0x0000016b8076d490 code [0x0000016b8076d660, 0x0000016b8076d9a8]
Event: 0.061 Thread 0x0000016bfb3f3bb0   90       3       java.lang.String::toCharArray (25 bytes)
Event: 0.061 Thread 0x0000016bfb3f3bb0 nmethod 90 0x0000016b8076db90 code [0x0000016b8076dd60, 0x0000016b8076e018]
Event: 0.061 Thread 0x0000016bfb2d2440 nmethod 89 0x0000016b87ba3d90 code [0x0000016b87ba3f00, 0x0000016b87ba3fd8]
Event: 0.062 Thread 0x0000016bfb3f3bb0   91       3       java.lang.StringBuilder::append (8 bytes)
Event: 0.062 Thread 0x0000016bfb2d2ee0   92       3       java.lang.AbstractStringBuilder::append (77 bytes)
Event: 0.062 Thread 0x0000016bfb3f1360   93       3       java.io.WinNTFileSystem::isSlash (18 bytes)
Event: 0.062 Thread 0x0000016bfb3f3bb0 nmethod 91 0x0000016b8076e110 code [0x0000016b8076e2a0, 0x0000016b8076e3e8]
Event: 0.062 Thread 0x0000016bfb3f1360 nmethod 93 0x0000016b8076e490 code [0x0000016b8076e620, 0x0000016b8076e7b8]
Event: 0.062 Thread 0x0000016bfb3f3bb0   94       3       java.lang.String::checkBoundsOffCount (64 bytes)
Event: 0.062 Thread 0x0000016bfb2d2ee0 nmethod 92 0x0000016b8076e890 code [0x0000016b8076eaa0, 0x0000016b8076f148]
Event: 0.063 Thread 0x0000016bfb3f3bb0 nmethod 94 0x0000016b8076f390 code [0x0000016b8076f620, 0x0000016b8076ff18]
Event: 0.064 Thread 0x0000016bfb3f3bb0   95       3       java.lang.StringLatin1::inflate (34 bytes)
Event: 0.064 Thread 0x0000016bfb3f3bb0 nmethod 95 0x0000016b80770290 code [0x0000016b80770440, 0x0000016b80770658]
Event: 0.064 Thread 0x0000016bfb3f3bb0   96       3       java.io.WinNTFileSystem::normalize (143 bytes)
Event: 0.064 Thread 0x0000016bfb3f3bb0 nmethod 96 0x0000016b80770810 code [0x0000016b80770aa0, 0x0000016b80771678]
Event: 0.065 Thread 0x0000016bfb3f3bb0   97       3       java.util.Arrays::copyOf (19 bytes)
Event: 0.065 Thread 0x0000016bfb3f3bb0 nmethod 97 0x0000016b80771b10 code [0x0000016b80771cc0, 0x0000016b80771fa8]
Event: 0.065 Thread 0x0000016bfb3f3bb0   98       3       java.lang.StringCoding::hasNegatives (25 bytes)
Event: 0.065 Thread 0x0000016bfb3f3bb0 nmethod 98 0x0000016b80772110 code [0x0000016b807722c0, 0x0000016b807724f8]

GC Heap History (0 events):
No events

Deoptimization events (0 events):
No events

Classes unloaded (0 events):
No events

Classes redefined (0 events):
No events

Internal exceptions (0 events):
No events

VM Operations (0 events):
No events

Events (20 events):
Event: 0.026 Thread 0x0000016bfb2c8d90 Thread added: 0x0000016bfb2c8d90
Event: 0.026 Thread 0x0000016bfb2c9740 Thread added: 0x0000016bfb2c9740
Event: 0.026 Thread 0x0000016bfb2d2440 Thread added: 0x0000016bfb2d2440
Event: 0.026 Thread 0x0000016bfb2d2ee0 Thread added: 0x0000016bfb2d2ee0
Event: 0.026 Thread 0x0000016bfb2e6640 Thread added: 0x0000016bfb2e6640
Event: 0.056 Thread 0x0000016bfb3f1360 Thread added: 0x0000016bfb3f1360
Event: 0.056 Thread 0x0000016bfb3f3bb0 Thread added: 0x0000016bfb3f3bb0
Event: 0.057 Thread 0x0000016bfb424510 Thread added: 0x0000016bfb424510
Event: 0.057 loading class jdk/internal/vm/PostVMInitHook
Event: 0.057 loading class jdk/internal/vm/PostVMInitHook done
Event: 0.058 loading class jdk/internal/loader/URLClassPath$FileLoader
Event: 0.058 loading class jdk/internal/loader/URLClassPath$FileLoader done
Event: 0.059 loading class jdk/internal/loader/URLClassPath$FileLoader$1
Event: 0.059 loading class jdk/internal/loader/URLClassPath$FileLoader$1 done
Event: 0.059 Thread 0x0000016bfb425e20 Thread added: 0x0000016bfb425e20
Event: 0.060 loading class sun/nio/cs/DoubleByte$Encoder
Event: 0.060 loading class sun/nio/cs/DoubleByte$Encoder done
Event: 0.060 loading class sun/nio/cs/GBK$EncodeHolder
Event: 0.060 loading class sun/nio/cs/GBK$EncodeHolder done
Event: 0.066 Loaded shared library D:\work\android\android_collect\modulesJavalib\src\main\java\com\fan\collect\java\jni\Jnitest-c.dll


Dynamic libraries:
0x00007ff6d7980000 - 0x00007ff6d798e000 	C:\work\ide\jdk-17.0.2\bin\java.exe
0x00007ffe97330000 - 0x00007ffe97525000 	C:\Windows\SYSTEM32\ntdll.dll
0x00007ffe97150000 - 0x00007ffe9720e000 	C:\Windows\System32\KERNEL32.DLL
0x00007ffe94c60000 - 0x00007ffe94f29000 	C:\Windows\System32\KERNELBASE.dll
0x00007ffe95060000 - 0x00007ffe95160000 	C:\Windows\System32\ucrtbase.dll
0x00007ffe7fd10000 - 0x00007ffe7fd28000 	C:\work\ide\jdk-17.0.2\bin\jli.dll
0x00007ffe7a010000 - 0x00007ffe7a02a000 	C:\work\ide\jdk-17.0.2\bin\VCRUNTIME140.dll
0x00007ffe95cf0000 - 0x00007ffe95e91000 	C:\Windows\System32\USER32.dll
0x00007ffe952c0000 - 0x00007ffe952e2000 	C:\Windows\System32\win32u.dll
0x00007ffe88260000 - 0x00007ffe884fa000 	C:\Windows\WinSxS\amd64_microsoft.windows.common-controls_6595b64144ccf1df_6.0.19041.1110_none_60b5254171f9507e\COMCTL32.dll
0x00007ffe96870000 - 0x00007ffe9689b000 	C:\Windows\System32\GDI32.dll
0x00007ffe95ac0000 - 0x00007ffe95b5e000 	C:\Windows\System32\msvcrt.dll
0x00007ffe94a50000 - 0x00007ffe94b5b000 	C:\Windows\System32\gdi32full.dll
0x00007ffe94bc0000 - 0x00007ffe94c5d000 	C:\Windows\System32\msvcp_win.dll
0x00007ffe958e0000 - 0x00007ffe95910000 	C:\Windows\System32\IMM32.DLL
0x00007ffe862f0000 - 0x00007ffe862fc000 	C:\work\ide\jdk-17.0.2\bin\vcruntime140_1.dll
0x00007ffe30f20000 - 0x00007ffe30fad000 	C:\work\ide\jdk-17.0.2\bin\msvcp140.dll
0x00007ffde0410000 - 0x00007ffde0fd1000 	C:\work\ide\jdk-17.0.2\bin\server\jvm.dll
0x00007ffe967c0000 - 0x00007ffe9686c000 	C:\Windows\System32\ADVAPI32.dll
0x00007ffe96af0000 - 0x00007ffe96b8b000 	C:\Windows\System32\sechost.dll
0x00007ffe968a0000 - 0x00007ffe969ca000 	C:\Windows\System32\RPCRT4.dll
0x00007ffe96f00000 - 0x00007ffe96f08000 	C:\Windows\System32\PSAPI.DLL
0x00007ffe8c020000 - 0x00007ffe8c02a000 	C:\Windows\SYSTEM32\VERSION.dll
0x00007ffe90650000 - 0x00007ffe90659000 	C:\Windows\SYSTEM32\WSOCK32.dll
0x00007ffe8af40000 - 0x00007ffe8af67000 	C:\Windows\SYSTEM32\WINMM.dll
0x00007ffe95f50000 - 0x00007ffe95fbb000 	C:\Windows\System32\WS2_32.dll
0x00007ffe92930000 - 0x00007ffe92942000 	C:\Windows\SYSTEM32\kernel.appcore.dll
0x00007ffe7f240000 - 0x00007ffe7f24a000 	C:\work\ide\jdk-17.0.2\bin\jimage.dll
0x00007ffe85510000 - 0x00007ffe856f4000 	C:\Windows\SYSTEM32\DBGHELP.DLL
0x00007ffe7aba0000 - 0x00007ffe7abcc000 	C:\Windows\SYSTEM32\dbgcore.DLL
0x00007ffe952f0000 - 0x00007ffe95373000 	C:\Windows\System32\bcryptPrimitives.dll
0x00007ffe769a0000 - 0x00007ffe769c5000 	C:\work\ide\jdk-17.0.2\bin\java.dll
0x00007ffe2b110000 - 0x00007ffe2b1e6000 	C:\work\ide\jdk-17.0.2\bin\jsvml.dll
0x00007ffe96080000 - 0x00007ffe967bf000 	C:\Windows\System32\SHELL32.dll
0x00007ffe92b30000 - 0x00007ffe932c0000 	C:\Windows\SYSTEM32\windows.storage.dll
0x00007ffe96ba0000 - 0x00007ffe96ef5000 	C:\Windows\System32\combase.dll
0x00007ffe943c0000 - 0x00007ffe943ec000 	C:\Windows\SYSTEM32\Wldp.dll
0x00007ffe95ea0000 - 0x00007ffe95f4d000 	C:\Windows\System32\SHCORE.dll
0x00007ffe95fc0000 - 0x00007ffe96015000 	C:\Windows\System32\shlwapi.dll
0x00007ffe94990000 - 0x00007ffe949af000 	C:\Windows\SYSTEM32\profapi.dll
0x00007ffe79660000 - 0x00007ffe79674000 	D:\work\android\android_collect\modulesJavalib\src\main\java\com\fan\collect\java\jni\Jnitest-c.dll

dbghelp: loaded successfully - version: 4.0.5 - missing functions: none
symbol engine: initialized successfully - sym options: 0x614 - pdb path: .;C:\work\ide\jdk-17.0.2\bin;C:\Windows\SYSTEM32;C:\Windows\WinSxS\amd64_microsoft.windows.common-controls_6595b64144ccf1df_6.0.19041.1110_none_60b5254171f9507e;C:\work\ide\jdk-17.0.2\bin\server;D:\work\android\android_collect\modulesJavalib\src\main\java\com\fan\collect\java\jni

VM Arguments:
jvm_args: -Dfile.encoding=UTF-8 -Duser.country=CN -Duser.language=zh -Duser.variant 
java_command: com.fan.collect.java.jni.JniTest
java_class_path (initial): D:\work\android\android_collect\modulesJavalib\build\classes\java\main;D:\work\android\android_collect\modulesJavalib\build\classes\kotlin\main;D:\work\android\android_collect\modulesJavalib\build\resources\main;D:\work\android\android_collect\modulesJavalib\libs\hutool-all-5.8.16.jar;C:\Users\defaultuser0.DESKTOP-O2DJ0AR\.gradle\caches\modules-2\files-2.1\com.squareup.okhttp3\okhttp\4.11.0\436932d695b2c43f2c86b8111c596179cd133d56\okhttp-4.11.0.jar;C:\Users\defaultuser0.DESKTOP-O2DJ0AR\.gradle\caches\modules-2\files-2.1\com.squareup.okio\okio-jvm\3.2.0\332d1c5dc82b0241cb1d35bb0901d28470cc89ca\okio-jvm-3.2.0.jar;C:\Users\defaultuser0.DESKTOP-O2DJ0AR\.gradle\caches\modules-2\files-2.1\org.jetbrains.kotlin\kotlin-stdlib-jdk8\1.8.10\7c002ac41f547a82e81dfebd2a20577a738dbf3f\kotlin-stdlib-jdk8-1.8.10.jar;C:\Users\defaultuser0.DESKTOP-O2DJ0AR\.gradle\caches\modules-2\files-2.1\org.jetbrains.kotlinx\kotlinx-coroutines-core\1.3.8\f62be6d4cbf27781c2969867b4ed952f38378492\kotlinx-coroutines-core-1.3.8.jar;C:\Users\defaultuser0.DESKTOP-O2DJ0AR\.gradle\caches\modules-2\files-2.1\com.blankj\utilcodex\1.31.1\1e54edf34a11bd36803c46e562c8bc219d2985ad\utilcodex-1.31.1.aar;C:\Users\defaultuser0.DESKTOP-O2DJ0AR\.gradle\caches\modules-2\files-2.1\com.google.code.gson\gson\2.10.1\b3add478d4382b78ea20b1671390a858002feb6c\gson-2.10.1.jar;C:\Users\defaultuser0.DESKTOP-O2DJ0AR\.gradle\caches\modules-2\files-2.1\commons-codec\commons-codec\1.17.1\973638b7149d333563584137ebf13a691bb60579\commons-codec-1.17.1.jar;C:\Users\defaultuser0.DESKTOP-O2DJ0AR\.gradle\caches\modules-2\files-2.1\org.jetbrains.kotlin\kotlin-stdlib-jdk7\1.8.10\cb726a23c808a850a43e7d6b9d1ba91b02fe9f05\kotlin-stdlib-jdk7-1.8.10.jar;C:\Users\defaultuser0.DESKTOP-O2DJ0AR\.gradle\caches\modules-2\files-2.1\org.jetbrains.kotlin\kotlin-android-extensions-runtime\1.3.72\83423235971335be77d2ea025008bc9959738ffc\kotlin-android-extensions-runtime-1.3.72.jar;C:\Users\defaultuser0.DESKTOP-O2DJ0AR\.gradle\cac
Launcher Type: SUN_STANDARD

[Global flags]
     intx CICompilerCount                          = 12                                        {product} {ergonomic}
     uint ConcGCThreads                            = 3                                         {product} {ergonomic}
     uint G1ConcRefinementThreads                  = 13                                        {product} {ergonomic}
   size_t G1HeapRegionSize                         = 4194304                                   {product} {ergonomic}
    uintx GCDrainStackTargetSize                   = 64                                        {product} {ergonomic}
   size_t InitialHeapSize                          = 536870912                                 {product} {ergonomic}
   size_t MarkStackSize                            = 4194304                                   {product} {ergonomic}
   size_t MaxHeapSize                              = 8573157376                                {product} {ergonomic}
   size_t MaxNewSize                               = 5142216704                                {product} {ergonomic}
   size_t MinHeapDeltaBytes                        = 4194304                                   {product} {ergonomic}
   size_t MinHeapSize                              = 8388608                                   {product} {ergonomic}
    uintx NonNMethodCodeHeapSize                   = 7602480                                {pd product} {ergonomic}
    uintx NonProfiledCodeHeapSize                  = 122027880                              {pd product} {ergonomic}
    uintx ProfiledCodeHeapSize                     = 122027880                              {pd product} {ergonomic}
    uintx ReservedCodeCacheSize                    = 251658240                              {pd product} {ergonomic}
     bool SegmentedCodeCache                       = true                                      {product} {ergonomic}
   size_t SoftMaxHeapSize                          = 8573157376                             {manageable} {ergonomic}
     bool UseCompressedClassPointers               = true                           {product lp64_product} {ergonomic}
     bool UseCompressedOops                        = true                           {product lp64_product} {ergonomic}
     bool UseG1GC                                  = true                                      {product} {ergonomic}
     bool UseLargePagesIndividualAllocation        = false                                  {pd product} {ergonomic}

Logging:
Log output configuration:
 #0: stdout all=warning uptime,level,tags
 #1: stderr all=off uptime,level,tags

Environment Variables:
JAVA_HOME=C:\work\ide\jdk-17.0.2
PATH=C:\Python312\Scripts\;C:\Python312\;C:\Windows\system32;C:\Windows;C:\Windows\System32\Wbem;C:\Windows\System32\WindowsPowerShell\v1.0\;C:\Windows\System32\OpenSSH\;C:\Program Files\dotnet\;C:\Program Files (x86)\dotnet\;C:\Program Files\TortoiseSVN\bin;C:\Program Files (x86)\NVIDIA Corporation\PhysX\Common;C:\Program Files\Git\cmd;C:\Program Files\TortoiseGit\bin;C:\Program Files\010 Editor;C:\Program Files\Microsoft SQL Server\150\Tools\Binn\;C:\Program Files\Microsoft SQL Server\Client SDK\ODBC\170\Tools\Binn\;C:\Program Files\nodejs\;C:\ProgramData\chocolatey\bin;C:\work\ide\python311\Scripts\;C:\work\ide\python311\;C:\Users\defaultuser0.DESKTOP-O2DJ0AR\AppData\Local\Microsoft\WindowsApps;C:\work\ide\Microsoft VS Code\bin;C:\Program Files\Git\bin;C:\work\ide\android_sdk\platform-tools;C:\work\ide\android_sdk\build-tools\30.0.3;C:\work\ide\mingw64\bin;C:\Users\defaultuser0.DESKTOP-O2DJ0AR\.dotnet\tools;C:\work\ide\android_sdk\build-tools\31.0.0;D:\work\android\decompile\dex-tools-2.2-SNAPSHOT;C:\work\ide\jdk-17.0.2\bin;C:\Users\defaultuser0.DESKTOP-O2DJ0AR\AppData\Local\Programs\Fiddler;%DevEco Studio%;C:\Users\defaultuser0.DESKTOP-O2DJ0AR\AppData\Roaming\npm;C:\Program Files\nodejs;D:\work\hm\sdk\hmscore\3.1.0\toolchains;C:\work\flutter\bin;C:\work\flutter\bin\cache\dart-sdk\bin;C:\work\ide\android_sdk\ndk\26.1.10909125;
USERNAME=pc
OS=Windows_NT
PROCESSOR_IDENTIFIER=AMD64 Family 25 Model 33 Stepping 2, AuthenticAMD



---------------  S Y S T E M  ---------------

OS:
 Windows 10 , 64 bit Build 19041 (10.0.19041.1202)
OS uptime: 9 days 21:46 hours
Hyper-V role detected

CPU: total 16 (initial active 16) (16 cores per cpu, 2 threads per core) family 25 model 33 stepping 2 microcode 0x0, cx8, cmov, fxsr, ht, mmx, 3dnowpref, sse, sse2, sse3, ssse3, sse4a, sse4.1, sse4.2, popcnt, lzcnt, tsc, tscinvbit, avx, avx2, aes, erms, clmul, bmi1, bmi2, adx, sha, fma, vzeroupper, clflush, clflushopt, hv

Memory: 4k page, system-wide physical 32689M (15399M free)
TotalPageFile size 41393M (AvailPageFile size 9557M)
current process WorkingSet (physical memory assigned to process): 30M, peak: 30M
current process commit charge ("private bytes"): 619M, peak: 619M

vm_info: OpenJDK 64-Bit Server VM (17.0.2+8-86) for windows-amd64 JRE (17.0.2+8-86), built on Dec  7 2021 21:49:10 by "mach5one" with MS VC++ 16.8 / 16.9 (VS2019)

END.
